<?xml version="1.0" encoding="UTF-8"?>
<testng-results ignored="0" total="1" passed="1" failed="0" skipped="0">
  <reporter-output>
  </reporter-output>
  <suite started-at="2019-02-24T13:42:58Z" name="Default suite" finished-at="2019-02-24T13:43:48Z" duration-ms="49898">
    <groups>
    </groups>
    <test started-at="2019-02-24T13:42:58Z" name="Default test" finished-at="2019-02-24T13:43:48Z" duration-ms="49898">
      <class name="com.app.webdriver.testcases.cmp.Test1">
        <test-method is-config="true" signature="beforeSuite()[pri:0, instance:com.app.webdriver.testcases.cmp.Test1@87a85e1]" started-at="2019-02-24T13:42:58Z" name="beforeSuite" finished-at="2019-02-24T13:42:58Z" duration-ms="21" status="PASS">
          <reporter-output>
          </reporter-output>
        </test-method> <!-- beforeSuite -->
        <test-method is-config="true" signature="initTestContext(java.lang.reflect.Method)[pri:0, instance:com.app.webdriver.testcases.cmp.Test1@87a85e1]" started-at="2019-02-24T13:42:58Z" name="initTestContext" finished-at="2019-02-24T13:43:10Z" duration-ms="11983" status="PASS">
          <params>
            <param index="0">
              <value>
                <![CDATA[public void com.app.webdriver.testcases.cmp.Test1.login()]]>
              </value>
            </param>
          </params>
          <reporter-output>
          </reporter-output>
        </test-method> <!-- initTestContext -->
        <test-method signature="login()[pri:0, instance:com.app.webdriver.testcases.cmp.Test1@87a85e1]" started-at="2019-02-24T13:43:10Z" name="login" finished-at="2019-02-24T13:43:47Z" duration-ms="37534" status="PASS">
          <reporter-output>
          </reporter-output>
        </test-method> <!-- login -->
        <test-method is-config="true" signature="stop()[pri:0, instance:com.app.webdriver.testcases.cmp.Test1@87a85e1]" started-at="2019-02-24T13:43:47Z" name="stop" finished-at="2019-02-24T13:43:48Z" duration-ms="112" status="PASS">
          <reporter-output>
          </reporter-output>
        </test-method> <!-- stop -->
        <test-method is-config="true" signature="stop()[pri:0, instance:com.app.webdriver.testcases.cmp.Test1@87a85e1]" started-at="2019-02-24T13:43:48Z" name="stop" finished-at="2019-02-24T13:43:48Z" duration-ms="0" status="PASS">
          <reporter-output>
          </reporter-output>
        </test-method> <!-- stop -->
      </class> <!-- com.app.webdriver.testcases.cmp.Test1 -->
    </test> <!-- Default test -->
  </suite> <!-- Default suite -->
</testng-results>
